# JRE version: OpenJDK Runtime Environment Microsoft-8035246 (17.0.8+7) (build 17.0.8+7-LTS)
# Java VM: OpenJDK 64-Bit Server VM Microsoft-8035246 (17.0.8+7-LTS, mixed mode, sharing, tiered, compressed oops, compressed class ptrs, g1 gc, windows-amd64)
GC Precious Log:
 CPUs: 12 total, 12 available
 Memory: 24410M
 Large Page Support: Disabled
 NUMA Support: Disabled
 Compressed Oops: Enabled (32-bit)
 Heap Region Size: 1M
 Heap Min Capacity: 8M
 Heap Initial Capacity: 382M
 Heap Max Capacity: 2G
 Pre-touch: Disabled
 Parallel Workers: 10
 Concurrent Workers: 3
 Concurrent Refinement Workers: 10
 Periodic GC: Disabled
Heap:
 garbage-first heap   total 360448K, used 260726K [0x0000000080000000, 0x0000000100000000)
  region size 1024K, 115 young (117760K), 17 survivors (17408K)
 Metaspace       used 98141K, committed 99136K, reserved 557056K
  class space    used 13842K, committed 14336K, reserved 425984K
GC Heap History (20 events):
Event: 18.801 GC heap before
{Heap before GC invocations=33 (full 0):
 garbage-first heap   total 181248K, used 147565K [0x0000000080000000, 0x0000000100000000)
  region size 1024K, 50 young (51200K), 1 survivors (1024K)
 Metaspace       used 87588K, committed 88512K, reserved 557056K
  class space    used 12404K, committed 12800K, reserved 425984K
}
Event: 18.805 GC heap after
{Heap after GC invocations=34 (full 0):
 garbage-first heap   total 181248K, used 104073K [0x0000000080000000, 0x0000000100000000)
  region size 1024K, 7 young (7168K), 7 survivors (7168K)
 Metaspace       used 87588K, committed 88512K, reserved 557056K
  class space    used 12404K, committed 12800K, reserved 425984K
}
Event: 19.419 GC heap before
{Heap before GC invocations=35 (full 0):
 garbage-first heap   total 186368K, used 152201K [0x0000000080000000, 0x0000000100000000)
  region size 1024K, 49 young (50176K), 7 survivors (7168K)
 Metaspace       used 88161K, committed 89024K, reserved 557056K
  class space    used 12462K, committed 12864K, reserved 425984K
}
Event: 19.426 GC heap after
{Heap after GC invocations=36 (full 0):
 garbage-first heap   total 186368K, used 122227K [0x0000000080000000, 0x0000000100000000)
  region size 1024K, 7 young (7168K), 7 survivors (7168K)
 Metaspace       used 88161K, committed 89024K, reserved 557056K
  class space    used 12462K, committed 12864K, reserved 425984K
}
Event: 19.450 GC heap before
{Heap before GC invocations=36 (full 0):
 garbage-first heap   total 186368K, used 124275K [0x0000000080000000, 0x0000000100000000)
  region size 1024K, 9 young (9216K), 7 survivors (7168K)
 Metaspace       used 88216K, committed 89088K, reserved 557056K
  class space    used 12470K, committed 12864K, reserved 425984K
}
Event: 19.454 GC heap after
{Heap after GC invocations=37 (full 0):
 garbage-first heap   total 186368K, used 124383K [0x0000000080000000, 0x0000000100000000)
  region size 1024K, 1 young (1024K), 1 survivors (1024K)
 Metaspace       used 88216K, committed 89088K, reserved 557056K
  class space    used 12470K, committed 12864K, reserved 425984K
}
Event: 19.857 GC heap before
{Heap before GC invocations=37 (full 0):
 garbage-first heap   total 186368K, used 154079K [0x0000000080000000, 0x0000000100000000)
  region size 1024K, 29 young (29696K), 1 survivors (1024K)
 Metaspace       used 88497K, committed 89408K, reserved 557056K
  class space    used 12495K, committed 12928K, reserved 425984K
}
Event: 19.862 GC heap after
{Heap after GC invocations=38 (full 0):
 garbage-first heap   total 186368K, used 131442K [0x0000000080000000, 0x0000000100000000)
  region size 1024K, 4 young (4096K), 4 survivors (4096K)
 Metaspace       used 88497K, committed 89408K, reserved 557056K
  class space    used 12495K, committed 12928K, reserved 425984K
}
Event: 20.177 GC heap before
{Heap before GC invocations=38 (full 0):
 garbage-first heap   total 186368K, used 153970K [0x0000000080000000, 0x0000000100000000)
  region size 1024K, 27 young (27648K), 4 survivors (4096K)
 Metaspace       used 89223K, committed 90176K, reserved 557056K
  class space    used 12579K, committed 12992K, reserved 425984K
}
Event: 20.182 GC heap after
{Heap after GC invocations=39 (full 0):
 garbage-first heap   total 186368K, used 136255K [0x0000000080000000, 0x0000000100000000)
  region size 1024K, 4 young (4096K), 4 survivors (4096K)
 Metaspace       used 89223K, committed 90176K, reserved 557056K
  class space    used 12579K, committed 12992K, reserved 425984K
}
Event: 20.343 GC heap before
{Heap before GC invocations=39 (full 0):
 garbage-first heap   total 186368K, used 155711K [0x0000000080000000, 0x0000000100000000)
  region size 1024K, 23 young (23552K), 4 survivors (4096K)
 Metaspace       used 90570K, committed 91520K, reserved 557056K
  class space    used 12784K, committed 13248K, reserved 425984K
}
Event: 20.346 GC heap after
{Heap after GC invocations=40 (full 0):
 garbage-first heap   total 186368K, used 137507K [0x0000000080000000, 0x0000000100000000)
  region size 1024K, 2 young (2048K), 2 survivors (2048K)
 Metaspace       used 90570K, committed 91520K, reserved 557056K
  class space    used 12784K, committed 13248K, reserved 425984K
}
Event: 20.581 GC heap before
{Heap before GC invocations=41 (full 0):
 garbage-first heap   total 244736K, used 156963K [0x0000000080000000, 0x0000000100000000)
  region size 1024K, 21 young (21504K), 2 survivors (2048K)
 Metaspace       used 92160K, committed 93056K, reserved 557056K
  class space    used 13041K, committed 13440K, reserved 425984K
}
Event: 20.584 GC heap after
{Heap after GC invocations=42 (full 0):
 garbage-first heap   total 244736K, used 138230K [0x0000000080000000, 0x0000000100000000)
  region size 1024K, 2 young (2048K), 2 survivors (2048K)
 Metaspace       used 92160K, committed 93056K, reserved 557056K
  class space    used 13041K, committed 13440K, reserved 425984K
}
Event: 20.716 GC heap before
{Heap before GC invocations=42 (full 0):
 garbage-first heap   total 244736K, used 147446K [0x0000000080000000, 0x0000000100000000)
  region size 1024K, 11 young (11264K), 2 survivors (2048K)
 Metaspace       used 93752K, committed 94720K, reserved 557056K
  class space    used 13222K, committed 13696K, reserved 425984K
}
Event: 20.719 GC heap after
{Heap after GC invocations=43 (full 0):
 garbage-first heap   total 244736K, used 137791K [0x0000000080000000, 0x0000000100000000)
  region size 1024K, 2 young (2048K), 2 survivors (2048K)
 Metaspace       used 93752K, committed 94720K, reserved 557056K
  class space    used 13222K, committed 13696K, reserved 425984K
}
Event: 21.303 GC heap before
{Heap before GC invocations=43 (full 0):
 garbage-first heap   total 244736K, used 193087K [0x0000000080000000, 0x0000000100000000)
  region size 1024K, 56 young (57344K), 2 survivors (2048K)
 Metaspace       used 95966K, committed 96896K, reserved 557056K
  class space    used 13510K, committed 13952K, reserved 425984K
}
Event: 21.310 GC heap after
{Heap after GC invocations=44 (full 0):
 garbage-first heap   total 360448K, used 143344K [0x0000000080000000, 0x0000000100000000)
  region size 1024K, 7 young (7168K), 7 survivors (7168K)
 Metaspace       used 95966K, committed 96896K, reserved 557056K
  class space    used 13510K, committed 13952K, reserved 425984K
}
Event: 22.327 GC heap before
{Heap before GC invocations=44 (full 0):
 garbage-first heap   total 360448K, used 269296K [0x0000000080000000, 0x0000000100000000)
  region size 1024K, 131 young (134144K), 7 survivors (7168K)
 Metaspace       used 97960K, committed 98944K, reserved 557056K
  class space    used 13838K, committed 14272K, reserved 425984K
}
Event: 22.339 GC heap after
{Heap after GC invocations=45 (full 0):
 garbage-first heap   total 360448K, used 154230K [0x0000000080000000, 0x0000000100000000)
  region size 1024K, 17 young (17408K), 17 survivors (17408K)
 Metaspace       used 97960K, committed 98944K, reserved 557056K
  class space    used 13838K, committed 14272K, reserved 425984K
}

